make all --print-data-base --no-builtin-variables --no-builtin-rules --question
make: *** No rule to make target 'all'.  Stop.

# GNU Make 4.2.1
# Built for x86_64-pc-linux-gnu
# Copyright (C) 1988-2016 Free Software Foundation, Inc.
# License GPLv3+: GNU GPL version 3 or later <http://gnu.org/licenses/gpl.html>
# This is free software: you are free to change and redistribute it.
# There is NO WARRANTY, to the extent permitted by law.

# Make data base, printed on Sun Jun 19 10:39:04 2022

# Variables

# 'override' directive
GNUMAKEFLAGS := 
# automatic
<D = $(patsubst %/,%,$(dir $<))
# automatic
?F = $(notdir $?)
# makefile (from 'Makefile', line 11)
VALGRIND_FLAGS = -v --leak-check=full --show-leak-kinds=all  --error-exitcode=99
# environment
DESKTOP_SESSION = ubuntu
# default
.SHELLFLAGS := -c
# environment
XDG_SESSION_CLASS = user
# environment
SNAP_COMMON = /var/snap/code/common
# environment
XDG_SESSION_TYPE = x11
# environment
VSCODE_LOG_NATIVE = false
# automatic
?D = $(patsubst %/,%,$(dir $?))
# environment
IM_CONFIG_PHASE = 1
# automatic
@D = $(patsubst %/,%,$(dir $@))
# environment
XAUTHORITY = /run/user/1000/gdm/Xauthority
# environment
GDMSESSION = ubuntu
# environment
XMODIFIERS = @im=ibus
# makefile
CURDIR := /home/dvir/Documents/CPP/Ex4/CPP--Ex4-part2
# makefile
SHELL = /bin/sh
# environment
SNAP_DATA = /var/snap/code/98
# environment
VSCODE_NLS_CONFIG = {"locale":"en-gb","availableLanguages":{},"_languagePackSupport":true}
# environment
JOURNAL_STREAM = 8:37886
# environment
XDG_CONFIG_DIRS = /etc/xdg/xdg-ubuntu:/etc/xdg
# environment
SNAP_INSTANCE_NAME = code
# environment
SNAP_ARCH = amd64
# makefile (from 'Makefile', line 1)
MAKEFILE_LIST :=  Makefile
# automatic
@F = $(notdir $@)
# environment
GIO_LAUNCHED_DESKTOP_FILE = /var/lib/snapd/desktop/applications/code_code.desktop
# environment
USERNAME = dvir
# makefile (from 'Makefile', line 13)
SOURCES = $(wildcard $(SOURCE_PATH)/*.cpp)
# makefile (from 'Makefile', line 9)
CXXFLAGS = -std=$(CXXVERSION) -Werror -Wsign-conversion -I$(SOURCE_PATH)
# environment
XDG_DATA_DIRS = /usr/share/ubuntu:/usr/local/share/:/usr/share/:/var/lib/snapd/desktop
# environment
DBUS_SESSION_BUS_ADDRESS = unix:path=/run/user/1000/bus
# environment
VSCODE_VERBOSE_LOGGING = true
# environment
_ = /snap/code/98/usr/share/code/code
# environment
MANAGERPID = 1179
# environment
LESSOPEN = | /usr/bin/lesspipe %s
# environment
VSCODE_CWD = /home/dvir
# environment
GSETTINGS_SCHEMA_DIR = /snap/code/98/usr/share/glib-2.0/schemas
# default
MAKE_HOST := x86_64-pc-linux-gnu
# environment
PATH = /usr/local/sbin:/usr/local/bin:/usr/sbin:/usr/bin:/sbin:/bin:/usr/games:/usr/local/games:/snap/bin
# environment
GPG_AGENT_INFO = /run/user/1000/gnupg/S.gpg-agent:0:1
# environment
SESSION_MANAGER = local/dvir-Lenovo-Legion-5-15IMH05H:@/tmp/.ICE-unix/1401,unix/dvir-Lenovo-Legion-5-15IMH05H:/tmp/.ICE-unix/1401
# environment
XDG_RUNTIME_DIR = /run/user/1000
# environment
GDK_PIXBUF_MODULE_FILE = /home/dvir/snap/code/common/.cache/gdk-pixbuf-loaders.cache
# environment
SNAP = /snap/code/98
# environment
SNAP_VERSION = 4af164ea
# environment
XDG_MENU_PREFIX = gnome-
# environment
VSCODE_LOG_STACK = false
# environment
DISABLE_WAYLAND = 1
# environment
ELECTRON_RUN_AS_NODE = 1
# environment
INVOCATION_ID = 54ffd38fecfe47afa7ef4657763f3cb7
# environment
GDK_PIXBUF_MODULEDIR = /snap/code/98/usr/lib/x86_64-linux-gnu/gdk-pixbuf-2.0/2.10.0/loaders
# default
.FEATURES := target-specific order-only second-expansion else-if shortest-stem undefine oneshell archives jobserver output-sync check-symlink load
# environment
LS_COLORS = 
# environment
XDG_SESSION_DESKTOP = ubuntu
# environment
SSH_AUTH_SOCK = /run/user/1000/keyring/ssh
# environment
GIO_LAUNCHED_DESKTOP_FILE_PID = 2540
# automatic
%F = $(notdir $%)
# environment
DISPLAY = :0
# environment
VSCODE_PIPE_LOGGING = true
# environment
SNAP_INSTANCE_KEY = 
# makefile (from 'Makefile', line 6)
CXXVERSION = c++2a
# environment
PWD = /home/dvir/Documents/CPP/Ex4/CPP--Ex4-part2
# default
.LOADED := 
# environment
SSH_AGENT_PID = 1363
# environment
ORIGINAL_XDG_CURRENT_DESKTOP = ubuntu:GNOME
# environment
GTK_MODULES = gail:atk-bridge
# environment
VSCODE_AMD_ENTRYPOINT = vs/workbench/api/node/extensionHostProcess
# environment
HOME = /home/dvir
# environment
LESSCLOSE = /usr/bin/lesspipe %s %s
# environment
VSCODE_CLI = 1
# environment
VSCODE_CODE_CACHE_PATH = /home/dvir/.config/Code/CachedData/4af164ea3a06f701fe3e89a2bcbb421d2026b68f
# environment
LOGNAME = dvir
# environment
APPLICATION_INSIGHTS_NO_DIAGNOSTIC_CHANNEL = 1
# environment
SNAP_LIBRARY_PATH = /var/lib/snapd/lib/gl:/var/lib/snapd/lib/gl32:/var/lib/snapd/void
# environment
SNAP_CONTEXT = gaJ73Bk9zt2eFTUjF-1TXhfmkhdk01YuOaYNExiWtUqNRfNcaMNo
# makefile (from 'Makefile', line 14)
HEADERS = $(wildcard $(SOURCE_PATH)/*.hpp)
# environment
ELECTRON_NO_ATTACH_CONSOLE = 1
# environment
SNAP_USER_COMMON = /home/dvir/snap/code/common
# environment
VSCODE_HANDLES_UNCAUGHT_ERRORS = true
# environment
GNOME_DESKTOP_SESSION_ID = this-is-deprecated
# automatic
^D = $(patsubst %/,%,$(dir $^))
# makefile (from 'Makefile', line 8)
OBJECT_PATH = objects
# environment
MAKELEVEL := 0
# environment
SNAP_REAL_HOME = /home/dvir
# default
MAKE = $(MAKE_COMMAND)
# default
MAKECMDGOALS := all
# environment
QT_IM_MODULE = ibus
# environment
SNAP_USER_DATA = /home/dvir/snap/code/98
# environment
SHLVL = 0
# environment
GNOME_SHELL_SESSION_MODE = ubuntu
# environment
VSCODE_IPC_HOOK_EXTHOST = /run/user/1000/vscode-ipc-e1bb0903-83cb-4e52-a092-2d27e6843bc5.sock
# default
MAKE_VERSION := 4.2.1
# environment
USER = dvir
# environment
SNAP_REVISION = 98
# makefile
.DEFAULT_GOAL := run
# environment
XDG_CURRENT_DESKTOP = Unity
# automatic
%D = $(patsubst %/,%,$(dir $%))
# default
MAKE_COMMAND := make
# default
.VARIABLES := 
# automatic
*F = $(notdir $*)
# environment
LANGUAGE = en_IL:en
# environment
VSCODE_IPC_HOOK = /run/user/1000/vscode-c7b38863-1.68.0-main.sock
# environment
BAMF_DESKTOP_FILE_HINT = /var/lib/snapd/desktop/applications/code_code.desktop
# makefile
MAKEFLAGS = pqrR
# environment
MFLAGS = -pqrR
# automatic
*D = $(patsubst %/,%,$(dir $*))
# automatic
+D = $(patsubst %/,%,$(dir $+))
# environment
GDK_BACKEND = x11
# automatic
+F = $(notdir $+)
# environment
QT_ACCESSIBILITY = 1
# default
MAKEFILES := 
# environment
SNAP_COOKIE = gaJ73Bk9zt2eFTUjF-1TXhfmkhdk01YuOaYNExiWtUqNRfNcaMNo
# automatic
<F = $(notdir $<)
# makefile (from 'Makefile', line 5)
CXX = clang++-9
# environment
SNAP_NAME = code
# environment
LC_ALL = C
# makefile (from 'Makefile', line 7)
SOURCE_PATH = sources
# environment
GJS_DEBUG_TOPICS = JS ERROR;JS LOG
# automatic
^F = $(notdir $^)
# default
SUFFIXES := 
# environment
SNAP_REEXEC = 
# environment
CHROME_DESKTOP = code-url-handler.desktop
# environment
WINDOWPATH = 2
# default
.INCLUDE_DIRS = /usr/include /usr/local/include /usr/include
# environment
GJS_DEBUG_OUTPUT = stderr
# default
.RECIPEPREFIX := 
# makefile (from 'Makefile', line 15)
OBJECTS = $(subst sources/,objects/,$(subst .cpp,.o,$(SOURCES)))
# environment
LANG = C
# environment
VSCODE_PID = 2590
# makefile (from 'Makefile', line 10)
TIDY_FLAGS = -extra-arg=-std=$(CXXVERSION) -checks=bugprone-*,clang-analyzer-*,cppcoreguidelines-*,performance-*,portability-*,readability-*,-cppcoreguidelines-pro-bounds-pointer-arithmetic,-cppcoreguidelines-owning-memory --warnings-as-errors=*
# variable set hash-table stats:
# Load=131/1024=13%, Rehash=0, Collisions=18/168=11%

# Pattern-specific Variable Values

# No pattern-specific variable values.

# Directories

# . (device 2050, inode 4456996): 17 files, no impossibilities.
# sources (device 2050, inode 4457191): 19 files, no impossibilities.

# 36 files, no impossibilities in 2 directories.

# Implicit Rules
 

%.o: %.cpp sources/Game.hpp sources/Assassin.hpp sources/Player.hpp sources/Contessa.hpp sources/Ohad.hpp sources/Duke.hpp sources/Captain.hpp sources/Ambassador.hpp
#  recipe to execute (from 'Makefile', line 23):
	$(CXX) $(CXXFLAGS) --compile $< -o $@

objects/%.o: sources/%.cpp sources/Game.hpp sources/Assassin.hpp sources/Player.hpp sources/Contessa.hpp sources/Ohad.hpp sources/Duke.hpp sources/Captain.hpp sources/Ambassador.hpp
#  recipe to execute (from 'Makefile', line 26):
	$(CXX) $(CXXFLAGS) --compile $< -o $@

# 2 implicit rules, 0 (0.0%) terminal.

# Files

# Not a target:
objects/Player.o:
#  Implicit rule search has not been done.
#  Modification time never checked.
#  File has not been updated.

# Not a target:
all:
#  Command line target.
#  Implicit rule search has been done.
#  File does not exist.
#  File has not been updated.

# Not a target:
objects/Captain.o:
#  Implicit rule search has not been done.
#  Modification time never checked.
#  File has not been updated.

# Not a target:
TestRunner.o:
#  Implicit rule search has not been done.
#  Modification time never checked.
#  File has not been updated.

# Not a target:
StudentTest2.o:
#  Implicit rule search has not been done.
#  Modification time never checked.
#  File has not been updated.

StudentTest3.cpp:
#  Implicit rule search has not been done.
#  Modification time never checked.
#  File has not been updated.
#  recipe to execute (from 'Makefile', line 38):
	curl https://raw.githubusercontent.com/BenjaminSaldman/coup-a/main/Test.cpp > $@

demo: Demo2.o objects/Ambassador.o objects/Game.o objects/Assassin.o objects/Player.o objects/Contessa.o objects/Ohad.o objects/Duke.o objects/Captain.o
#  Implicit rule search has not been done.
#  Modification time never checked.
#  File has not been updated.
#  recipe to execute (from 'Makefile', line 46):
	$(CXX) $(CXXFLAGS) $^ -o demo

# Not a target:
Makefile:
#  Implicit rule search has been done.
#  Last modified 2022-06-19 10:38:50.201800819
#  File has been updated.
#  Successfully updated.

# Not a target:
objects/Duke.o:
#  Implicit rule search has not been done.
#  Modification time never checked.
#  File has not been updated.

test: TestRunner.o StudentTest1.o StudentTest2.o StudentTest3.o objects/Ambassador.o objects/Game.o objects/Assassin.o objects/Player.o objects/Contessa.o objects/Ohad.o objects/Duke.o objects/Captain.o
#  Implicit rule search has not been done.
#  Modification time never checked.
#  File has not been updated.
#  recipe to execute (from 'Makefile', line 20):
	$(CXX) $(CXXFLAGS) $^ -o $@

# Not a target:
objects/Game.o:
#  Implicit rule search has not been done.
#  Modification time never checked.
#  File has not been updated.

StudentTest1.cpp:
#  Implicit rule search has not been done.
#  Modification time never checked.
#  File has not been updated.
#  recipe to execute (from 'Makefile', line 30):
	curl https://raw.githubusercontent.com/RazGavrieli/Board-Game-Coup/master/Test.cpp > $@

# Not a target:
objects/Ohad.o:
#  Implicit rule search has not been done.
#  Modification time never checked.
#  File has not been updated.

# Not a target:
.DEFAULT:
#  Implicit rule search has not been done.
#  Modification time never checked.
#  File has not been updated.

# Not a target:
StudentTest3.o:
#  Implicit rule search has not been done.
#  Modification time never checked.
#  File has not been updated.

# Not a target:
objects/Ambassador.o:
#  Implicit rule search has not been done.
#  Modification time never checked.
#  File has not been updated.

# Not a target:
Demo2.o:
#  Implicit rule search has not been done.
#  Modification time never checked.
#  File has not been updated.

run: test
#  Implicit rule search has not been done.
#  Modification time never checked.
#  File has not been updated.

clean:
#  Implicit rule search has not been done.
#  Modification time never checked.
#  File has not been updated.
#  recipe to execute (from 'Makefile', line 48):
	rm -f $(OBJECTS) *.o test* 
 
	rm -f StudentTest*.cpp

# Not a target:
objects/Contessa.o:
#  Implicit rule search has not been done.
#  Modification time never checked.
#  File has not been updated.

StudentTest2.cpp:
#  Implicit rule search has not been done.
#  Modification time never checked.
#  File has not been updated.
#  recipe to execute (from 'Makefile', line 34):
	curl https://raw.githubusercontent.com/Esther-Bi/B-HW4-Test/main/Test.cpp > $@

tidy:
#  Implicit rule search has not been done.
#  Modification time never checked.
#  File has not been updated.
#  recipe to execute (from 'Makefile', line 41):
	clang-tidy $(SOURCES) $(TIDY_FLAGS) --

valgrind: test
#  Implicit rule search has not been done.
#  Modification time never checked.
#  File has not been updated.
#  recipe to execute (from 'Makefile', line 44):
	valgrind --tool=memcheck $(VALGRIND_FLAGS) ./test 2>&1 | { egrep "lost| at " || true; }

# Not a target:
StudentTest1.o:
#  Implicit rule search has not been done.
#  Modification time never checked.
#  File has not been updated.

# Not a target:
objects/Assassin.o:
#  Implicit rule search has not been done.
#  Modification time never checked.
#  File has not been updated.

# files hash-table stats:
# Load=26/1024=3%, Rehash=0, Collisions=1/60=2%
# VPATH Search Paths

# No 'vpath' search paths.

# No general ('VPATH' variable) search path.

# strcache buffers: 1 (0) / strings = 70 / storage = 846 B / avg = 12 B
# current buf: size = 8162 B / used = 846 B / count = 70 / avg = 12 B

# strcache performance: lookups = 107 / hit rate = 34%
# hash-table stats:
# Load=70/8192=1%, Rehash=0, Collisions=3/107=3%
# Finished Make data base on Sun Jun 19 10:39:04 2022

 
